<?xml version="1.0" encoding="UTF-8"?>
<!-- Generated by org.testng.reporters.JUnitReportReporter -->
<testsuite hostname="Sheetikas-MBP.attlocal.net" failures="0" tests="2" name="Selenium.Java.AutoFramework.HomeTest" time="63.230" errors="0" timestamp="10 Aug 2021 16:09:52 GMT" skipped="0">
  <testcase classname="Selenium.Java.AutoFramework.HomeTest" name="searchTest" time="32.357"/>
  <testcase classname="Selenium.Java.AutoFramework.HomeTest" name="searchTest" time="30.873"/>
</testsuite> <!-- Selenium.Java.AutoFramework.HomeTest -->
