<?xml version="1.0" encoding="UTF-8"?>
<!-- Generated by org.testng.reporters.JUnitReportReporter -->
<testsuite hostname="Sheetikas-MBP.attlocal.net" failures="0" tests="1" name="Selenium.Java.AutoFramework.HomeTest" time="16.177" errors="0" timestamp="02 Aug 2021 17:56:59 GMT" skipped="0">
  <testcase classname="Selenium.Java.AutoFramework.HomeTest" name="setup" time="16.177"/>
</testsuite> <!-- Selenium.Java.AutoFramework.HomeTest -->
